\BOOKMARK [1][-]{section*.2}{\376\377\000D\000i\000s\000c\000l\000a\000i\000m\000e\000r}{}% 1
\BOOKMARK [1][-]{section*.3}{\376\377\000A\000b\000s\000t\000r\000a\000c\000t}{}% 2
\BOOKMARK [0][-]{chapter.1}{\376\377\000I\000n\000t\000r\000o\000d\000u\000c\000t\000i\000o\000n}{}% 3
\BOOKMARK [1][-]{section.1.1}{\376\377\000A\000n\000c\000i\000e\000n\000t\000\040\000S\000u\000p\000e\000r\000n\000o\000v\000a\000e}{chapter.1}% 4
\BOOKMARK [1][-]{section.1.2}{\376\377\000M\000o\000d\000e\000r\000n\000\040\000d\000a\000y\000\040\000s\000u\000p\000e\000r\000n\000o\000v\000a\000\040\000o\000b\000s\000e\000r\000v\000a\000t\000i\000o\000n\000s\000\040\000a\000n\000d\000\040\000s\000u\000r\000v\000e\000y\000s}{chapter.1}% 5
\BOOKMARK [1][-]{section.1.3}{\376\377\000O\000b\000s\000e\000r\000v\000a\000t\000i\000o\000n\000a\000l\000\040\000P\000r\000o\000p\000e\000r\000t\000i\000e\000s\000\040\000o\000f\000\040\000S\000u\000p\000e\000r\000n\000o\000v\000a\000e}{chapter.1}% 6
\BOOKMARK [2][-]{subsection.1.3.1}{\376\377\000S\000u\000p\000e\000r\000n\000o\000v\000a\000\040\000c\000l\000a\000s\000s\000i\000f\000i\000c\000a\000t\000i\000o\000n}{section.1.3}% 7
\BOOKMARK [2][-]{subsection.1.3.2}{\376\377\000S\000u\000p\000e\000r\000n\000o\000v\000a\000\040\000r\000a\000t\000e\000s}{section.1.3}% 8
\BOOKMARK [2][-]{subsection.1.3.3}{\376\377\000L\000i\000g\000h\000t\000\040\000c\000u\000r\000v\000e\000s}{section.1.3}% 9
\BOOKMARK [2][-]{subsection.1.3.4}{\376\377\000S\000p\000e\000c\000t\000r\000a}{section.1.3}% 10
\BOOKMARK [3][-]{section*.12}{\376\377\000S\000N\000e\000\040\000I\000a\000\040\000s\000p\000e\000c\000t\000r\000a}{subsection.1.3.4}% 11
\BOOKMARK [3][-]{figure.caption.15}{\376\377\000S\000N\000e\000\040\000I\000I\000\040\000S\000p\000e\000c\000t\000r\000a}{subsection.1.3.4}% 12
\BOOKMARK [2][-]{subsection.1.3.5}{\376\377\000X\000-\000R\000a\000y\000\040\000\046\000\040\000R\000a\000d\000i\000o\000\040\000o\000b\000s\000e\000r\000v\000a\000t\000i\000o\000n\000s}{section.1.3}% 13
\BOOKMARK [2][-]{subsection.1.3.6}{\376\377\000S\000u\000p\000e\000r\000n\000o\000v\000a\000\040\000C\000o\000s\000m\000o\000l\000o\000g\000y}{section.1.3}% 14
\BOOKMARK [1][-]{section.1.4}{\376\377\000P\000o\000s\000t\000-\000e\000x\000p\000l\000o\000s\000i\000o\000n\000\040\000o\000b\000s\000e\000r\000v\000a\000t\000i\000o\000n\000s}{chapter.1}% 15
\BOOKMARK [1][-]{section.1.5}{\376\377\000C\000o\000r\000e\000-\000C\000o\000l\000l\000a\000p\000s\000e\000\040\000S\000u\000p\000e\000r\000n\000o\000v\000a\000\040\000T\000h\000e\000o\000r\000y}{chapter.1}% 16
\BOOKMARK [2][-]{subsection.1.5.1}{\376\377\000E\000v\000o\000l\000u\000t\000i\000o\000n\000\040\000o\000f\000\040\000M\000a\000s\000s\000i\000v\000e\000\040\000S\000t\000a\000r\000s}{section.1.5}% 17
\BOOKMARK [2][-]{subsection.1.5.2}{\376\377\000C\000o\000r\000e\000\040\000c\000o\000l\000l\000a\000p\000s\000e}{section.1.5}% 18
\BOOKMARK [2][-]{subsection.1.5.3}{\376\377\000P\000a\000i\000r\000\040\000i\000n\000s\000t\000a\000b\000i\000l\000i\000t\000y}{section.1.5}% 19
\BOOKMARK [2][-]{subsection.1.5.4}{\376\377\000T\000y\000p\000e\000\040\000I\000I\000\040\000S\000u\000p\000e\000r\000n\000o\000v\000a\000e}{section.1.5}% 20
\BOOKMARK [2][-]{subsection.1.5.5}{\376\377\000T\000y\000p\000e\000\040\000I\000b\000/\000c\000\040\000s\000u\000p\000e\000r\000n\000o\000v\000a\000e}{section.1.5}% 21
\BOOKMARK [1][-]{section.1.6}{\376\377\000T\000h\000e\000r\000m\000o\000n\000u\000c\000l\000e\000a\000r\000\040\000S\000u\000p\000e\000r\000n\000o\000v\000a\000\040\000T\000h\000e\000o\000r\000y}{chapter.1}% 22
\BOOKMARK [2][-]{subsection.1.6.1}{\376\377\000W\000h\000i\000t\000e\000\040\000D\000w\000a\000r\000f\000s}{section.1.6}% 23
\BOOKMARK [2][-]{subsection.1.6.2}{\376\377\000P\000r\000e\000-\000s\000u\000p\000e\000r\000n\000o\000v\000a\000\040\000e\000v\000o\000l\000u\000t\000i\000o\000n}{section.1.6}% 24
\BOOKMARK [1][-]{section.1.7}{\376\377\000P\000r\000o\000g\000e\000n\000i\000t\000o\000r\000s\000\040\000o\000f\000\040\000T\000y\000p\000e\000\040\000I\000a\000\040\000S\000u\000p\000e\000r\000n\000o\000v\000a\000e}{chapter.1}% 25
\BOOKMARK [2][-]{subsection.1.7.1}{\376\377\000S\000i\000n\000g\000l\000e\000\040\000D\000e\000g\000e\000n\000e\000r\000a\000t\000e\000\040\000S\000c\000e\000n\000a\000r\000i\000o}{section.1.7}% 26
\BOOKMARK [3][-]{section*.20}{\376\377\000A\000c\000c\000r\000e\000t\000i\000o\000n}{subsection.1.7.1}% 27
\BOOKMARK [3][-]{section*.20}{\376\377\000D\000o\000n\000o\000r\000\040\000S\000t\000a\000r\000s}{subsection.1.7.1}% 28
\BOOKMARK [2][-]{subsection.1.7.2}{\376\377\000D\000o\000u\000b\000l\000e\000\040\000D\000e\000g\000e\000n\000e\000r\000a\000t\000e\000\040\000S\000c\000e\000n\000a\000r\000i\000o}{section.1.7}% 29
\BOOKMARK [2][-]{subsection.1.7.3}{\376\377\000C\000o\000n\000s\000t\000r\000a\000i\000n\000s\000\040\000f\000o\000r\000\040\000d\000i\000f\000f\000e\000r\000e\000n\000t\000\040\000p\000r\000o\000g\000e\000n\000i\000t\000o\000r\000\040\000s\000c\000e\000n\000a\000r\000i\000o\000s}{section.1.7}% 30
\BOOKMARK [1][-]{section.1.8}{\376\377\000T\000h\000e\000s\000i\000s\000\040\000m\000o\000t\000i\000v\000a\000t\000i\000o\000n}{chapter.1}% 31
\BOOKMARK [0][-]{chapter.2}{\376\377\000S\000N\0001\0005\0007\0002}{}% 32
\BOOKMARK [1][-]{section.2.1}{\376\377\000I\000n\000t\000r\000o\000d\000u\000c\000t\000i\000o\000n}{chapter.2}% 33
\BOOKMARK [1][-]{section.2.2}{\376\377\000O\000b\000s\000e\000r\000v\000a\000t\000i\000o\000n\000a\000l\000\040\000C\000h\000a\000r\000a\000c\000t\000e\000r\000i\000s\000t\000i\000c\000s\000\040\000o\000f\000\040\000t\000h\000e\000\040\000T\000y\000c\000h\000o\000\040\000R\000e\000m\000n\000a\000n\000t\000\040\000a\000n\000d\000\040\000S\000t\000a\000r\000-\000G}{chapter.2}% 34
\BOOKMARK [1][-]{section.2.3}{\376\377\000R\000a\000p\000i\000d\000\040\000R\000o\000t\000a\000t\000i\000o\000n\000:\000\040\000A\000\040\000K\000e\000y\000\040\000S\000i\000g\000n\000a\000t\000u\000r\000e\000\040\000i\000n\000\040\000S\000N\000\040\000I\000a\000\040\000D\000o\000n\000o\000r\000\040\000S\000t\000a\000r\000s}{chapter.2}% 35
\BOOKMARK [1][-]{section.2.4}{\376\377\000S\000u\000b\000a\000r\000u\000\040\000O\000b\000s\000e\000r\000v\000a\000t\000i\000o\000n\000s}{chapter.2}% 36
\BOOKMARK [1][-]{section.2.5}{\376\377\000A\000n\000a\000l\000y\000s\000i\000s\000\040\000a\000n\000d\000\040\000R\000e\000s\000u\000l\000t\000s}{chapter.2}% 37
\BOOKMARK [2][-]{subsection.2.5.1}{\376\377\000R\000o\000t\000a\000t\000i\000o\000n\000a\000l\000\040\000m\000e\000a\000s\000u\000r\000e\000m\000e\000n\000t}{section.2.5}% 38
\BOOKMARK [2][-]{subsection.2.5.2}{\376\377\000R\000a\000d\000i\000a\000l\000\040\000v\000e\000l\000o\000c\000i\000t\000y}{section.2.5}% 39
\BOOKMARK [2][-]{subsection.2.5.3}{\376\377\000A\000s\000t\000r\000o\000m\000e\000t\000r\000y}{section.2.5}% 40
\BOOKMARK [1][-]{section.2.6}{\376\377\000D\000i\000s\000c\000u\000s\000s\000i\000o\000n}{chapter.2}% 41
\BOOKMARK [2][-]{subsection.2.6.1}{\376\377\000A\000\040\000B\000a\000c\000k\000g\000r\000o\000u\000n\000d\000\040\000i\000n\000t\000e\000r\000l\000o\000p\000e\000r\000?}{section.2.6}% 42
\BOOKMARK [2][-]{subsection.2.6.2}{\376\377\000T\000y\000c\000h\000o\000-\000G\000\040\000a\000s\000\040\000t\000h\000e\000\040\000D\000o\000n\000o\000r\000\040\000S\000t\000a\000r\000\040\000t\000o\000\040\000t\000h\000e\000\040\000T\000y\000c\000h\000o\000\040\000S\000N}{section.2.6}% 43
\BOOKMARK [1][-]{section.2.7}{\376\377\000O\000u\000t\000l\000o\000o\000k\000\040\000a\000n\000d\000\040\000F\000u\000t\000u\000r\000e\000\040\000O\000b\000s\000e\000r\000v\000a\000t\000i\000o\000n\000s}{chapter.2}% 44
\BOOKMARK [0][-]{chapter.3}{\376\377\000S\000N\0001\0000\0000\0006}{}% 45
\BOOKMARK [0][-]{chapter.4}{\376\377\000A\000u\000t\000o\000m\000a\000t\000i\000c\000\040\000f\000i\000t\000t\000i\000n\000g\000\040\000o\000f\000\040\000o\000p\000t\000i\000c\000a\000l\000\040\000T\000y\000p\000e\000\040\000I\000a\000\040\000S\000u\000p\000e\000r\000n\000o\000v\000a\000\040\000s\000p\000e\000c\000t\000r\000a\000\040\000-\000\040\000t\000h\000e\000\040\000D\000A\000L\000E\000K\000\040\000p\000r\000o\000j\000e\000c\000t}{}% 46
\BOOKMARK [1][-]{section.4.1}{\